2024-03-31 22:41:33.746 +05:00  INF  Executed DbCommand (50ms) [Parameters=[], CommandType='"Text"', CommandTimeout='30']
SELECT EXISTS (
    SELECT 1 FROM pg_catalog.pg_class c
    JOIN pg_catalog.pg_namespace n ON n.oid=c.relnamespace
    WHERE n.nspname='public' AND
          c.relname='__EFMigrationsHistory'
)
2024-03-31 22:41:33.981 +05:00  INF  Executed DbCommand (23ms) [Parameters=[], CommandType='"Text"', CommandTimeout='30']
CREATE TABLE "__EFMigrationsHistory" (
    "MigrationId" character varying(150) NOT NULL,
    "ProductVersion" character varying(32) NOT NULL,
    CONSTRAINT "PK___EFMigrationsHistory" PRIMARY KEY ("MigrationId")
);
2024-03-31 22:41:34.032 +05:00  INF  Executed DbCommand (1ms) [Parameters=[], CommandType='"Text"', CommandTimeout='30']
SELECT EXISTS (
    SELECT 1 FROM pg_catalog.pg_class c
    JOIN pg_catalog.pg_namespace n ON n.oid=c.relnamespace
    WHERE n.nspname='public' AND
          c.relname='__EFMigrationsHistory'
)
2024-03-31 22:41:34.037 +05:00  INF  Executed DbCommand (3ms) [Parameters=[], CommandType='"Text"', CommandTimeout='30']
SELECT "MigrationId", "ProductVersion"
FROM "__EFMigrationsHistory"
ORDER BY "MigrationId";
2024-03-31 22:41:34.065 +05:00  INF  No migrations were applied. The database is already up to date.
2024-03-31 22:41:34.219 +05:00  INF  Executed DbCommand (10ms) [Parameters=[], CommandType='"Text"', CommandTimeout='30']
REVOKE CONNECT ON DATABASE "RoomService" FROM PUBLIC;
SELECT pg_terminate_backend(pg_stat_activity.pid) FROM pg_stat_activity WHERE datname = 'RoomService';
2024-03-31 22:41:34.324 +05:00  INF  Executed DbCommand (105ms) [Parameters=[], CommandType='"Text"', CommandTimeout='30']
DROP DATABASE "RoomService";
2024-03-31 22:41:35.496 +05:00  INF  Executed DbCommand (830ms) [Parameters=[], CommandType='"Text"', CommandTimeout='30']
CREATE DATABASE "RoomService";
2024-03-31 22:41:35.937 +05:00  INF  Executed DbCommand (19ms) [Parameters=[], CommandType='"Text"', CommandTimeout='30']
CREATE TABLE "Amenities" (
    "Id" uuid NOT NULL,
    "Title" text NOT NULL,
    "Description" text NULL,
    CONSTRAINT "PK_Amenities" PRIMARY KEY ("Id")
);
2024-03-31 22:41:35.945 +05:00  INF  Executed DbCommand (7ms) [Parameters=[], CommandType='"Text"', CommandTimeout='30']
CREATE TABLE "Location" (
    "Id" uuid NOT NULL,
    "Country" text NOT NULL,
    "City" text NOT NULL,
    "Street" text NOT NULL,
    "HouseNumber" text NULL,
    CONSTRAINT "PK_Location" PRIMARY KEY ("Id")
);
2024-03-31 22:41:35.953 +05:00  INF  Executed DbCommand (8ms) [Parameters=[], CommandType='"Text"', CommandTimeout='30']
CREATE TABLE "RoomsTypes" (
    "Id" uuid NOT NULL,
    "Title" text NOT NULL,
    "Description" text NULL,
    "ImagePath" text NULL,
    "MaxCapacity" integer NOT NULL,
    "NightlyRate" numeric NOT NULL,
    CONSTRAINT "PK_RoomsTypes" PRIMARY KEY ("Id")
);
2024-03-31 22:41:35.967 +05:00  INF  Executed DbCommand (14ms) [Parameters=[], CommandType='"Text"', CommandTimeout='30']
CREATE TABLE "HotelBranches" (
    "Id" uuid NOT NULL,
    "Name" text NOT NULL,
    "LocationId" uuid NOT NULL,
    CONSTRAINT "PK_HotelBranches" PRIMARY KEY ("Id"),
    CONSTRAINT "FK_HotelBranches_Location_LocationId" FOREIGN KEY ("LocationId") REFERENCES "Location" ("Id") ON DELETE CASCADE
);
2024-03-31 22:41:35.972 +05:00  INF  Executed DbCommand (4ms) [Parameters=[], CommandType='"Text"', CommandTimeout='30']
CREATE TABLE "AmenityRoomType" (
    "AmenitiesId" uuid NOT NULL,
    "RoomTypesId" uuid NOT NULL,
    CONSTRAINT "PK_AmenityRoomType" PRIMARY KEY ("AmenitiesId", "RoomTypesId"),
    CONSTRAINT "FK_AmenityRoomType_Amenities_AmenitiesId" FOREIGN KEY ("AmenitiesId") REFERENCES "Amenities" ("Id") ON DELETE CASCADE,
    CONSTRAINT "FK_AmenityRoomType_RoomsTypes_RoomTypesId" FOREIGN KEY ("RoomTypesId") REFERENCES "RoomsTypes" ("Id") ON DELETE CASCADE
);
2024-03-31 22:41:35.981 +05:00  INF  Executed DbCommand (9ms) [Parameters=[], CommandType='"Text"', CommandTimeout='30']
CREATE TABLE "PhoneNumbers" (
    "Number" text NOT NULL,
    "HotelBranchId" uuid NOT NULL,
    "Department" text NOT NULL,
    CONSTRAINT "PK_PhoneNumbers" PRIMARY KEY ("Number"),
    CONSTRAINT "FK_PhoneNumbers_HotelBranches_HotelBranchId" FOREIGN KEY ("HotelBranchId") REFERENCES "HotelBranches" ("Id") ON DELETE CASCADE
);
2024-03-31 22:41:35.985 +05:00  INF  Executed DbCommand (3ms) [Parameters=[], CommandType='"Text"', CommandTimeout='30']
CREATE TABLE "Reservations" (
    "Id" uuid NOT NULL,
    "DateIn" timestamp with time zone NOT NULL,
    "DateOut" timestamp with time zone NOT NULL,
    "MadeBy" integer NOT NULL,
    "Status" integer NOT NULL,
    "HotelBranchId" uuid NOT NULL,
    "ReservationCreatorId" uuid NOT NULL,
    CONSTRAINT "PK_Reservations" PRIMARY KEY ("Id"),
    CONSTRAINT "FK_Reservations_HotelBranches_HotelBranchId" FOREIGN KEY ("HotelBranchId") REFERENCES "HotelBranches" ("Id") ON DELETE CASCADE
);
2024-03-31 22:41:35.993 +05:00  INF  Executed DbCommand (8ms) [Parameters=[], CommandType='"Text"', CommandTimeout='30']
CREATE TABLE "Rooms" (
    "Id" uuid NOT NULL,
    "Number" text NOT NULL,
    "TypeId" uuid NOT NULL,
    "IsDisabled" boolean NOT NULL,
    "HotelBranchId" uuid NOT NULL,
    CONSTRAINT "PK_Rooms" PRIMARY KEY ("Id"),
    CONSTRAINT "FK_Rooms_HotelBranches_HotelBranchId" FOREIGN KEY ("HotelBranchId") REFERENCES "HotelBranches" ("Id") ON DELETE CASCADE,
    CONSTRAINT "FK_Rooms_RoomsTypes_TypeId" FOREIGN KEY ("TypeId") REFERENCES "RoomsTypes" ("Id") ON DELETE CASCADE
);
2024-03-31 22:41:35.997 +05:00  INF  Executed DbCommand (4ms) [Parameters=[], CommandType='"Text"', CommandTimeout='30']
CREATE TABLE "OccupiedRooms" (
    "Id" uuid NOT NULL,
    "CheckIn" timestamp with time zone NULL,
    "CheckOut" timestamp with time zone NULL,
    "Status" integer NOT NULL,
    "RoomId" uuid NULL,
    "ReservationId" uuid NOT NULL,
    CONSTRAINT "PK_OccupiedRooms" PRIMARY KEY ("Id"),
    CONSTRAINT "FK_OccupiedRooms_Reservations_ReservationId" FOREIGN KEY ("ReservationId") REFERENCES "Reservations" ("Id") ON DELETE CASCADE,
    CONSTRAINT "FK_OccupiedRooms_Rooms_RoomId" FOREIGN KEY ("RoomId") REFERENCES "Rooms" ("Id")
);
2024-03-31 22:41:36.001 +05:00  INF  Executed DbCommand (3ms) [Parameters=[], CommandType='"Text"', CommandTimeout='30']
CREATE INDEX "IX_AmenityRoomType_RoomTypesId" ON "AmenityRoomType" ("RoomTypesId");
2024-03-31 22:41:36.004 +05:00  INF  Executed DbCommand (3ms) [Parameters=[], CommandType='"Text"', CommandTimeout='30']
CREATE INDEX "IX_HotelBranches_LocationId" ON "HotelBranches" ("LocationId");
2024-03-31 22:41:36.007 +05:00  INF  Executed DbCommand (3ms) [Parameters=[], CommandType='"Text"', CommandTimeout='30']
CREATE INDEX "IX_OccupiedRooms_ReservationId" ON "OccupiedRooms" ("ReservationId");
2024-03-31 22:41:36.011 +05:00  INF  Executed DbCommand (3ms) [Parameters=[], CommandType='"Text"', CommandTimeout='30']
CREATE INDEX "IX_OccupiedRooms_RoomId" ON "OccupiedRooms" ("RoomId");
2024-03-31 22:41:36.014 +05:00  INF  Executed DbCommand (3ms) [Parameters=[], CommandType='"Text"', CommandTimeout='30']
CREATE INDEX "IX_PhoneNumbers_HotelBranchId" ON "PhoneNumbers" ("HotelBranchId");
2024-03-31 22:41:36.016 +05:00  INF  Executed DbCommand (2ms) [Parameters=[], CommandType='"Text"', CommandTimeout='30']
CREATE INDEX "IX_Reservations_HotelBranchId" ON "Reservations" ("HotelBranchId");
2024-03-31 22:41:36.019 +05:00  INF  Executed DbCommand (2ms) [Parameters=[], CommandType='"Text"', CommandTimeout='30']
CREATE INDEX "IX_Rooms_HotelBranchId" ON "Rooms" ("HotelBranchId");
2024-03-31 22:41:36.022 +05:00  INF  Executed DbCommand (2ms) [Parameters=[], CommandType='"Text"', CommandTimeout='30']
CREATE INDEX "IX_Rooms_TypeId" ON "Rooms" ("TypeId");
2024-03-31 22:41:36.642 +05:00  INF  Executed DbCommand (88ms) [Parameters=[@p0='?' (DbType = Guid), @p1='?', @p2='?', @p3='?' (DbType = Guid), @p4='?', @p5='?', @p6='?' (DbType = Guid), @p7='?', @p8='?', @p9='?' (DbType = Guid), @p10='?', @p11='?', @p12='?' (DbType = Guid), @p13='?', @p14='?', @p15='?' (DbType = Guid), @p16='?', @p17='?', @p18='?' (DbType = Guid), @p19='?', @p20='?', @p21='?' (DbType = Guid), @p22='?', @p23='?', @p24='?' (DbType = Guid), @p25='?', @p26='?', @p27='?' (DbType = Guid), @p28='?', @p29='?', @p30='?' (DbType = Guid), @p31='?', @p32='?', @p33='?' (DbType = Guid), @p34='?', @p35='?', @p36='?' (DbType = Guid), @p37='?', @p38='?', @p39='?' (DbType = Guid), @p40='?', @p41='?', @p42='?' (DbType = Guid), @p43='?', @p44='?', @p45='?' (DbType = Guid), @p46='?', @p47='?', @p48='?' (DbType = Guid), @p49='?', @p50='?', @p51='?' (DbType = Guid), @p52='?', @p53='?', @p54='?' (DbType = Guid), @p55='?', @p56='?', @p57='?' (DbType = Guid), @p58='?', @p59='?', @p60='?', @p61='?', @p62='?' (DbType = Guid), @p63='?', @p64='?', @p65='?', @p66='?', @p67='?' (DbType = Guid), @p68='?', @p69='?', @p70='?', @p71='?', @p72='?' (DbType = Guid), @p73='?', @p74='?', @p75='?' (DbType = Int32), @p76='?' (DbType = Decimal), @p77='?', @p78='?' (DbType = Guid), @p79='?', @p80='?', @p81='?' (DbType = Int32), @p82='?' (DbType = Decimal), @p83='?', @p84='?' (DbType = Guid), @p85='?', @p86='?', @p87='?' (DbType = Int32), @p88='?' (DbType = Decimal), @p89='?', @p90='?' (DbType = Guid), @p91='?', @p92='?', @p93='?' (DbType = Int32), @p94='?' (DbType = Decimal), @p95='?', @p96='?' (DbType = Guid), @p97='?', @p98='?', @p99='?' (DbType = Int32), @p100='?' (DbType = Decimal), @p101='?', @p102='?' (DbType = Guid), @p103='?', @p104='?', @p105='?' (DbType = Int32), @p106='?' (DbType = Decimal), @p107='?', @p108='?' (DbType = Guid), @p109='?' (DbType = Guid), @p110='?', @p111='?' (DbType = Guid), @p112='?' (DbType = Guid), @p113='?', @p114='?' (DbType = Guid), @p115='?' (DbType = Guid), @p116='?', @p117='?' (DbType = Guid), @p118='?' (DbType = Guid), @p119='?' (DbType = Boolean), @p120='?', @p121='?' (DbType = Guid), @p122='?' (DbType = Guid), @p123='?' (DbType = Guid), @p124='?' (DbType = Boolean), @p125='?', @p126='?' (DbType = Guid), @p127='?' (DbType = Guid), @p128='?' (DbType = Guid), @p129='?' (DbType = Boolean), @p130='?', @p131='?' (DbType = Guid), @p132='?' (DbType = Guid), @p133='?' (DbType = Guid), @p134='?' (DbType = Boolean), @p135='?', @p136='?' (DbType = Guid), @p137='?' (DbType = Guid), @p138='?' (DbType = Guid), @p139='?' (DbType = Boolean), @p140='?', @p141='?' (DbType = Guid), @p142='?' (DbType = Guid), @p143='?' (DbType = Guid), @p144='?' (DbType = Boolean), @p145='?', @p146='?' (DbType = Guid), @p147='?' (DbType = Guid), @p148='?' (DbType = Guid), @p149='?' (DbType = Boolean), @p150='?', @p151='?' (DbType = Guid), @p152='?' (DbType = Guid), @p153='?' (DbType = Guid), @p154='?' (DbType = Boolean), @p155='?', @p156='?' (DbType = Guid), @p157='?' (DbType = Guid), @p158='?' (DbType = Guid), @p159='?' (DbType = Boolean), @p160='?', @p161='?' (DbType = Guid), @p162='?' (DbType = Guid), @p163='?' (DbType = Guid), @p164='?' (DbType = Boolean), @p165='?', @p166='?' (DbType = Guid), @p167='?' (DbType = Guid), @p168='?' (DbType = Guid), @p169='?' (DbType = Boolean), @p170='?', @p171='?' (DbType = Guid), @p172='?' (DbType = Guid), @p173='?' (DbType = Guid), @p174='?' (DbType = Boolean), @p175='?', @p176='?' (DbType = Guid), @p177='?' (DbType = Guid), @p178='?' (DbType = Guid), @p179='?' (DbType = Boolean), @p180='?', @p181='?' (DbType = Guid), @p182='?' (DbType = Guid), @p183='?' (DbType = Guid), @p184='?' (DbType = Boolean), @p185='?', @p186='?' (DbType = Guid), @p187='?' (DbType = Guid), @p188='?' (DbType = Guid), @p189='?' (DbType = Boolean), @p190='?', @p191='?' (DbType = Guid), @p192='?' (DbType = Guid), @p193='?' (DbType = Guid), @p194='?' (DbType = Boolean), @p195='?', @p196='?' (DbType = Guid), @p197='?' (DbType = Guid), @p198='?' (DbType = Guid), @p199='?' (DbType = Boolean), @p200='?', @p201='?' (DbType = Guid), @p202='?' (DbType = Guid), @p203='?' (DbType = Guid), @p204='?' (DbType = Boolean), @p205='?', @p206='?' (DbType = Guid), @p207='?' (DbType = Guid), @p208='?' (DbType = Guid), @p209='?' (DbType = Boolean), @p210='?', @p211='?' (DbType = Guid), @p212='?' (DbType = Guid), @p213='?' (DbType = Guid), @p214='?' (DbType = Boolean), @p215='?', @p216='?' (DbType = Guid), @p217='?' (DbType = Guid), @p218='?' (DbType = Guid), @p219='?' (DbType = Boolean), @p220='?', @p221='?' (DbType = Guid), @p222='?' (DbType = Guid), @p223='?' (DbType = Guid), @p224='?' (DbType = Boolean), @p225='?', @p226='?' (DbType = Guid), @p227='?' (DbType = Guid), @p228='?' (DbType = Guid), @p229='?' (DbType = Boolean), @p230='?', @p231='?' (DbType = Guid), @p232='?' (DbType = Guid), @p233='?' (DbType = Guid), @p234='?' (DbType = Boolean), @p235='?', @p236='?' (DbType = Guid), @p237='?' (DbType = Guid), @p238='?' (DbType = Guid), @p239='?' (DbType = Boolean), @p240='?', @p241='?' (DbType = Guid), @p242='?' (DbType = Guid), @p243='?' (DbType = Guid), @p244='?' (DbType = Boolean), @p245='?', @p246='?' (DbType = Guid), @p247='?' (DbType = Guid), @p248='?' (DbType = Guid), @p249='?' (DbType = Boolean), @p250='?', @p251='?' (DbType = Guid), @p252='?' (DbType = Guid), @p253='?' (DbType = Guid), @p254='?' (DbType = Boolean), @p255='?', @p256='?' (DbType = Guid), @p257='?' (DbType = Guid), @p258='?' (DbType = Guid), @p259='?' (DbType = Boolean), @p260='?', @p261='?' (DbType = Guid), @p262='?' (DbType = Guid), @p263='?' (DbType = Guid), @p264='?' (DbType = Boolean), @p265='?', @p266='?' (DbType = Guid), @p267='?' (DbType = Guid), @p268='?' (DbType = Guid), @p269='?' (DbType = Boolean), @p270='?', @p271='?' (DbType = Guid), @p272='?' (DbType = Guid), @p273='?' (DbType = Guid), @p274='?' (DbType = Boolean), @p275='?', @p276='?' (DbType = Guid), @p277='?' (DbType = Guid), @p278='?' (DbType = Guid), @p279='?' (DbType = Boolean), @p280='?', @p281='?' (DbType = Guid), @p282='?' (DbType = Guid), @p283='?' (DbType = Guid), @p284='?' (DbType = Boolean), @p285='?', @p286='?' (DbType = Guid), @p287='?' (DbType = Guid), @p288='?' (DbType = Guid), @p289='?' (DbType = Boolean), @p290='?', @p291='?' (DbType = Guid), @p292='?' (DbType = Guid), @p293='?' (DbType = Guid), @p294='?' (DbType = Boolean), @p295='?', @p296='?' (DbType = Guid), @p297='?' (DbType = Guid), @p298='?' (DbType = Guid), @p299='?' (DbType = Boolean), @p300='?', @p301='?' (DbType = Guid), @p302='?' (DbType = Guid), @p303='?' (DbType = Guid), @p304='?' (DbType = Boolean), @p305='?', @p306='?' (DbType = Guid), @p307='?' (DbType = Guid), @p308='?' (DbType = Guid), @p309='?' (DbType = Boolean), @p310='?', @p311='?' (DbType = Guid), @p312='?' (DbType = Guid), @p313='?' (DbType = Guid), @p314='?' (DbType = Boolean), @p315='?', @p316='?' (DbType = Guid), @p317='?' (DbType = Guid), @p318='?' (DbType = Guid), @p319='?' (DbType = Boolean), @p320='?', @p321='?' (DbType = Guid), @p322='?' (DbType = Guid), @p323='?' (DbType = Guid), @p324='?' (DbType = Boolean), @p325='?', @p326='?' (DbType = Guid), @p327='?' (DbType = Guid), @p328='?' (DbType = Guid), @p329='?' (DbType = Boolean), @p330='?', @p331='?' (DbType = Guid), @p332='?' (DbType = Guid), @p333='?' (DbType = Guid), @p334='?' (DbType = Boolean), @p335='?', @p336='?' (DbType = Guid), @p337='?' (DbType = Guid), @p338='?' (DbType = Guid), @p339='?' (DbType = Boolean), @p340='?', @p341='?' (DbType = Guid), @p342='?' (DbType = Guid), @p343='?' (DbType = Guid), @p344='?' (DbType = Boolean), @p345='?', @p346='?' (DbType = Guid), @p347='?' (DbType = Guid), @p348='?' (DbType = Guid), @p349='?' (DbType = Boolean), @p350='?', @p351='?' (DbType = Guid), @p352='?' (DbType = Guid), @p353='?' (DbType = Guid), @p354='?' (DbType = Boolean), @p355='?', @p356='?' (DbType = Guid), @p357='?' (DbType = Guid), @p358='?' (DbType = Guid), @p359='?' (DbType = Boolean), @p360='?', @p361='?' (DbType = Guid), @p362='?' (DbType = Guid), @p363='?' (DbType = Guid), @p364='?' (DbType = Boolean), @p365='?', @p366='?' (DbType = Guid), @p367='?' (DbType = Guid), @p368='?' (DbType = Guid), @p369='?' (DbType = Boolean), @p370='?', @p371='?' (DbType = Guid), @p372='?' (DbType = Guid), @p373='?' (DbType = Guid), @p374='?' (DbType = Boolean), @p375='?', @p376='?' (DbType = Guid), @p377='?' (DbType = Guid), @p378='?' (DbType = Guid), @p379='?' (DbType = Boolean), @p380='?', @p381='?' (DbType = Guid), @p382='?' (DbType = Guid), @p383='?' (DbType = Guid), @p384='?' (DbType = Boolean), @p385='?', @p386='?' (DbType = Guid), @p387='?' (DbType = Guid), @p388='?' (DbType = Guid), @p389='?' (DbType = Boolean), @p390='?', @p391='?' (DbType = Guid), @p392='?' (DbType = Guid), @p393='?' (DbType = Guid), @p394='?' (DbType = Boolean), @p395='?', @p396='?' (DbType = Guid), @p397='?' (DbType = Guid), @p398='?' (DbType = Guid), @p399='?' (DbType = Boolean), @p400='?', @p401='?' (DbType = Guid), @p402='?' (DbType = Guid), @p403='?' (DbType = Guid), @p404='?' (DbType = Boolean), @p405='?', @p406='?' (DbType = Guid), @p407='?' (DbType = Guid), @p408='?' (DbType = Guid), @p409='?' (DbType = Boolean), @p410='?', @p411='?' (DbType = Guid), @p412='?' (DbType = Guid), @p413='?' (DbType = Guid), @p414='?' (DbType = Boolean), @p415='?', @p416='?' (DbType = Guid)], CommandType='"Text"', CommandTimeout='30']
INSERT INTO "Amenities" ("Id", "Description", "Title")
VALUES (@p0, @p1, @p2);
INSERT INTO "Amenities" ("Id", "Description", "Title")
VALUES (@p3, @p4, @p5);
INSERT INTO "Amenities" ("Id", "Description", "Title")
VALUES (@p6, @p7, @p8);
INSERT INTO "Amenities" ("Id", "Description", "Title")
VALUES (@p9, @p10, @p11);
INSERT INTO "Amenities" ("Id", "Description", "Title")
VALUES (@p12, @p13, @p14);
INSERT INTO "Amenities" ("Id", "Description", "Title")
VALUES (@p15, @p16, @p17);
INSERT INTO "Amenities" ("Id", "Description", "Title")
VALUES (@p18, @p19, @p20);
INSERT INTO "Amenities" ("Id", "Description", "Title")
VALUES (@p21, @p22, @p23);
INSERT INTO "Amenities" ("Id", "Description", "Title")
VALUES (@p24, @p25, @p26);
INSERT INTO "Amenities" ("Id", "Description", "Title")
VALUES (@p27, @p28, @p29);
INSERT INTO "Amenities" ("Id", "Description", "Title")
VALUES (@p30, @p31, @p32);
INSERT INTO "Amenities" ("Id", "Description", "Title")
VALUES (@p33, @p34, @p35);
INSERT INTO "Amenities" ("Id", "Description", "Title")
VALUES (@p36, @p37, @p38);
INSERT INTO "Amenities" ("Id", "Description", "Title")
VALUES (@p39, @p40, @p41);
INSERT INTO "Amenities" ("Id", "Description", "Title")
VALUES (@p42, @p43, @p44);
INSERT INTO "Amenities" ("Id", "Description", "Title")
VALUES (@p45, @p46, @p47);
INSERT INTO "Amenities" ("Id", "Description", "Title")
VALUES (@p48, @p49, @p50);
INSERT INTO "Amenities" ("Id", "Description", "Title")
VALUES (@p51, @p52, @p53);
INSERT INTO "Amenities" ("Id", "Description", "Title")
VALUES (@p54, @p55, @p56);
INSERT INTO "Location" ("Id", "City", "Country", "HouseNumber", "Street")
VALUES (@p57, @p58, @p59, @p60, @p61);
INSERT INTO "Location" ("Id", "City", "Country", "HouseNumber", "Street")
VALUES (@p62, @p63, @p64, @p65, @p66);
INSERT INTO "Location" ("Id", "City", "Country", "HouseNumber", "Street")
VALUES (@p67, @p68, @p69, @p70, @p71);
INSERT INTO "RoomsTypes" ("Id", "Description", "ImagePath", "MaxCapacity", "NightlyRate", "Title")
VALUES (@p72, @p73, @p74, @p75, @p76, @p77);
INSERT INTO "RoomsTypes" ("Id", "Description", "ImagePath", "MaxCapacity", "NightlyRate", "Title")
VALUES (@p78, @p79, @p80, @p81, @p82, @p83);
INSERT INTO "RoomsTypes" ("Id", "Description", "ImagePath", "MaxCapacity", "NightlyRate", "Title")
VALUES (@p84, @p85, @p86, @p87, @p88, @p89);
INSERT INTO "RoomsTypes" ("Id", "Description", "ImagePath", "MaxCapacity", "NightlyRate", "Title")
VALUES (@p90, @p91, @p92, @p93, @p94, @p95);
INSERT INTO "RoomsTypes" ("Id", "Description", "ImagePath", "MaxCapacity", "NightlyRate", "Title")
VALUES (@p96, @p97, @p98, @p99, @p100, @p101);
INSERT INTO "RoomsTypes" ("Id", "Description", "ImagePath", "MaxCapacity", "NightlyRate", "Title")
VALUES (@p102, @p103, @p104, @p105, @p106, @p107);
INSERT INTO "HotelBranches" ("Id", "LocationId", "Name")
VALUES (@p108, @p109, @p110);
INSERT INTO "HotelBranches" ("Id", "LocationId", "Name")
VALUES (@p111, @p112, @p113);
INSERT INTO "HotelBranches" ("Id", "LocationId", "Name")
VALUES (@p114, @p115, @p116);
INSERT INTO "Rooms" ("Id", "HotelBranchId", "IsDisabled", "Number", "TypeId")
VALUES (@p117, @p118, @p119, @p120, @p121);
INSERT INTO "Rooms" ("Id", "HotelBranchId", "IsDisabled", "Number", "TypeId")
VALUES (@p122, @p123, @p124, @p125, @p126);
INSERT INTO "Rooms" ("Id", "HotelBranchId", "IsDisabled", "Number", "TypeId")
VALUES (@p127, @p128, @p129, @p130, @p131);
INSERT INTO "Rooms" ("Id", "HotelBranchId", "IsDisabled", "Number", "TypeId")
VALUES (@p132, @p133, @p134, @p135, @p136);
INSERT INTO "Rooms" ("Id", "HotelBranchId", "IsDisabled", "Number", "TypeId")
VALUES (@p137, @p138, @p139, @p140, @p141);
INSERT INTO "Rooms" ("Id", "HotelBranchId", "IsDisabled", "Number", "TypeId")
VALUES (@p142, @p143, @p144, @p145, @p146);
INSERT INTO "Rooms" ("Id", "HotelBranchId", "IsDisabled", "Number", "TypeId")
VALUES (@p147, @p148, @p149, @p150, @p151);
INSERT INTO "Rooms" ("Id", "HotelBranchId", "IsDisabled", "Number", "TypeId")
VALUES (@p152, @p153, @p154, @p155, @p156);
INSERT INTO "Rooms" ("Id", "HotelBranchId", "IsDisabled", "Number", "TypeId")
VALUES (@p157, @p158, @p159, @p160, @p161);
INSERT INTO "Rooms" ("Id", "HotelBranchId", "IsDisabled", "Number", "TypeId")
VALUES (@p162, @p163, @p164, @p165, @p166);
INSERT INTO "Rooms" ("Id", "HotelBranchId", "IsDisabled", "Number", "TypeId")
VALUES (@p167, @p168, @p169, @p170, @p171);
INSERT INTO "Rooms" ("Id", "HotelBranchId", "IsDisabled", "Number", "TypeId")
VALUES (@p172, @p173, @p174, @p175, @p176);
INSERT INTO "Rooms" ("Id", "HotelBranchId", "IsDisabled", "Number", "TypeId")
VALUES (@p177, @p178, @p179, @p180, @p181);
INSERT INTO "Rooms" ("Id", "HotelBranchId", "IsDisabled", "Number", "TypeId")
VALUES (@p182, @p183, @p184, @p185, @p186);
INSERT INTO "Rooms" ("Id", "HotelBranchId", "IsDisabled", "Number", "TypeId")
VALUES (@p187, @p188, @p189, @p190, @p191);
INSERT INTO "Rooms" ("Id", "HotelBranchId", "IsDisabled", "Number", "TypeId")
VALUES (@p192, @p193, @p194, @p195, @p196);
INSERT INTO "Rooms" ("Id", "HotelBranchId", "IsDisabled", "Number", "TypeId")
VALUES (@p197, @p198, @p199, @p200, @p201);
INSERT INTO "Rooms" ("Id", "HotelBranchId", "IsDisabled", "Number", "TypeId")
VALUES (@p202, @p203, @p204, @p205, @p206);
INSERT INTO "Rooms" ("Id", "HotelBranchId", "IsDisabled", "Number", "TypeId")
VALUES (@p207, @p208, @p209, @p210, @p211);
INSERT INTO "Rooms" ("Id", "HotelBranchId", "IsDisabled", "Number", "TypeId")
VALUES (@p212, @p213, @p214, @p215, @p216);
INSERT INTO "Rooms" ("Id", "HotelBranchId", "IsDisabled", "Number", "TypeId")
VALUES (@p217, @p218, @p219, @p220, @p221);
INSERT INTO "Rooms" ("Id", "HotelBranchId", "IsDisabled", "Number", "TypeId")
VALUES (@p222, @p223, @p224, @p225, @p226);
INSERT INTO "Rooms" ("Id", "HotelBranchId", "IsDisabled", "Number", "TypeId")
VALUES (@p227, @p228, @p229, @p230, @p231);
INSERT INTO "Rooms" ("Id", "HotelBranchId", "IsDisabled", "Number", "TypeId")
VALUES (@p232, @p233, @p234, @p235, @p236);
INSERT INTO "Rooms" ("Id", "HotelBranchId", "IsDisabled", "Number", "TypeId")
VALUES (@p237, @p238, @p239, @p240, @p241);
INSERT INTO "Rooms" ("Id", "HotelBranchId", "IsDisabled", "Number", "TypeId")
VALUES (@p242, @p243, @p244, @p245, @p246);
INSERT INTO "Rooms" ("Id", "HotelBranchId", "IsDisabled", "Number", "TypeId")
VALUES (@p247, @p248, @p249, @p250, @p251);
INSERT INTO "Rooms" ("Id", "HotelBranchId", "IsDisabled", "Number", "TypeId")
VALUES (@p252, @p253, @p254, @p255, @p256);
INSERT INTO "Rooms" ("Id", "HotelBranchId", "IsDisabled", "Number", "TypeId")
VALUES (@p257, @p258, @p259, @p260, @p261);
INSERT INTO "Rooms" ("Id", "HotelBranchId", "IsDisabled", "Number", "TypeId")
VALUES (@p262, @p263, @p264, @p265, @p266);
INSERT INTO "Rooms" ("Id", "HotelBranchId", "IsDisabled", "Number", "TypeId")
VALUES (@p267, @p268, @p269, @p270, @p271);
INSERT INTO "Rooms" ("Id", "HotelBranchId", "IsDisabled", "Number", "TypeId")
VALUES (@p272, @p273, @p274, @p275, @p276);
INSERT INTO "Rooms" ("Id", "HotelBranchId", "IsDisabled", "Number", "TypeId")
VALUES (@p277, @p278, @p279, @p280, @p281);
INSERT INTO "Rooms" ("Id", "HotelBranchId", "IsDisabled", "Number", "TypeId")
VALUES (@p282, @p283, @p284, @p285, @p286);
INSERT INTO "Rooms" ("Id", "HotelBranchId", "IsDisabled", "Number", "TypeId")
VALUES (@p287, @p288, @p289, @p290, @p291);
INSERT INTO "Rooms" ("Id", "HotelBranchId", "IsDisabled", "Number", "TypeId")
VALUES (@p292, @p293, @p294, @p295, @p296);
INSERT INTO "Rooms" ("Id", "HotelBranchId", "IsDisabled", "Number", "TypeId")
VALUES (@p297, @p298, @p299, @p300, @p301);
INSERT INTO "Rooms" ("Id", "HotelBranchId", "IsDisabled", "Number", "TypeId")
VALUES (@p302, @p303, @p304, @p305, @p306);
INSERT INTO "Rooms" ("Id", "HotelBranchId", "IsDisabled", "Number", "TypeId")
VALUES (@p307, @p308, @p309, @p310, @p311);
INSERT INTO "Rooms" ("Id", "HotelBranchId", "IsDisabled", "Number", "TypeId")
VALUES (@p312, @p313, @p314, @p315, @p316);
INSERT INTO "Rooms" ("Id", "HotelBranchId", "IsDisabled", "Number", "TypeId")
VALUES (@p317, @p318, @p319, @p320, @p321);
INSERT INTO "Rooms" ("Id", "HotelBranchId", "IsDisabled", "Number", "TypeId")
VALUES (@p322, @p323, @p324, @p325, @p326);
INSERT INTO "Rooms" ("Id", "HotelBranchId", "IsDisabled", "Number", "TypeId")
VALUES (@p327, @p328, @p329, @p330, @p331);
INSERT INTO "Rooms" ("Id", "HotelBranchId", "IsDisabled", "Number", "TypeId")
VALUES (@p332, @p333, @p334, @p335, @p336);
INSERT INTO "Rooms" ("Id", "HotelBranchId", "IsDisabled", "Number", "TypeId")
VALUES (@p337, @p338, @p339, @p340, @p341);
INSERT INTO "Rooms" ("Id", "HotelBranchId", "IsDisabled", "Number", "TypeId")
VALUES (@p342, @p343, @p344, @p345, @p346);
INSERT INTO "Rooms" ("Id", "HotelBranchId", "IsDisabled", "Number", "TypeId")
VALUES (@p347, @p348, @p349, @p350, @p351);
INSERT INTO "Rooms" ("Id", "HotelBranchId", "IsDisabled", "Number", "TypeId")
VALUES (@p352, @p353, @p354, @p355, @p356);
INSERT INTO "Rooms" ("Id", "HotelBranchId", "IsDisabled", "Number", "TypeId")
VALUES (@p357, @p358, @p359, @p360, @p361);
INSERT INTO "Rooms" ("Id", "HotelBranchId", "IsDisabled", "Number", "TypeId")
VALUES (@p362, @p363, @p364, @p365, @p366);
INSERT INTO "Rooms" ("Id", "HotelBranchId", "IsDisabled", "Number", "TypeId")
VALUES (@p367, @p368, @p369, @p370, @p371);
INSERT INTO "Rooms" ("Id", "HotelBranchId", "IsDisabled", "Number", "TypeId")
VALUES (@p372, @p373, @p374, @p375, @p376);
INSERT INTO "Rooms" ("Id", "HotelBranchId", "IsDisabled", "Number", "TypeId")
VALUES (@p377, @p378, @p379, @p380, @p381);
INSERT INTO "Rooms" ("Id", "HotelBranchId", "IsDisabled", "Number", "TypeId")
VALUES (@p382, @p383, @p384, @p385, @p386);
INSERT INTO "Rooms" ("Id", "HotelBranchId", "IsDisabled", "Number", "TypeId")
VALUES (@p387, @p388, @p389, @p390, @p391);
INSERT INTO "Rooms" ("Id", "HotelBranchId", "IsDisabled", "Number", "TypeId")
VALUES (@p392, @p393, @p394, @p395, @p396);
INSERT INTO "Rooms" ("Id", "HotelBranchId", "IsDisabled", "Number", "TypeId")
VALUES (@p397, @p398, @p399, @p400, @p401);
INSERT INTO "Rooms" ("Id", "HotelBranchId", "IsDisabled", "Number", "TypeId")
VALUES (@p402, @p403, @p404, @p405, @p406);
INSERT INTO "Rooms" ("Id", "HotelBranchId", "IsDisabled", "Number", "TypeId")
VALUES (@p407, @p408, @p409, @p410, @p411);
INSERT INTO "Rooms" ("Id", "HotelBranchId", "IsDisabled", "Number", "TypeId")
VALUES (@p412, @p413, @p414, @p415, @p416);
2024-03-31 22:41:36.847 +05:00  INF  Application started. Press Ctrl+C to shut down.
2024-03-31 22:41:36.848 +05:00  INF  Hosting environment: Development
2024-03-31 22:41:36.848 +05:00  INF  Content root path: C:\Users\Администратор\RiderProjects\Hotel\RoomService
2024-03-31 22:41:36.888 +05:00  INF  Request starting HTTP/2 GET https://localhost:44318/swagger/index.html - -
2024-03-31 22:41:37.601 +05:00  INF  Request finished HTTP/2 GET https://localhost:44318/swagger/index.html - - - 200 - text/html;charset=utf-8 716.6771ms
2024-03-31 22:41:39.347 +05:00  INF  Application is shutting down...
