2024-03-08 14:00:43.948 +05:00  INF  Executed DbCommand (51ms) [Parameters=[], CommandType='"Text"', CommandTimeout='30']
SELECT EXISTS (
    SELECT 1 FROM pg_catalog.pg_class c
    JOIN pg_catalog.pg_namespace n ON n.oid=c.relnamespace
    WHERE n.nspname='public' AND
          c.relname='__EFMigrationsHistory'
)
2024-03-08 14:00:44.221 +05:00  INF  Executed DbCommand (20ms) [Parameters=[], CommandType='"Text"', CommandTimeout='30']
CREATE TABLE "__EFMigrationsHistory" (
    "MigrationId" character varying(150) NOT NULL,
    "ProductVersion" character varying(32) NOT NULL,
    CONSTRAINT "PK___EFMigrationsHistory" PRIMARY KEY ("MigrationId")
);
2024-03-08 14:00:44.267 +05:00  INF  Executed DbCommand (1ms) [Parameters=[], CommandType='"Text"', CommandTimeout='30']
SELECT EXISTS (
    SELECT 1 FROM pg_catalog.pg_class c
    JOIN pg_catalog.pg_namespace n ON n.oid=c.relnamespace
    WHERE n.nspname='public' AND
          c.relname='__EFMigrationsHistory'
)
2024-03-08 14:00:44.273 +05:00  INF  Executed DbCommand (3ms) [Parameters=[], CommandType='"Text"', CommandTimeout='30']
SELECT "MigrationId", "ProductVersion"
FROM "__EFMigrationsHistory"
ORDER BY "MigrationId";
2024-03-08 14:00:44.303 +05:00  INF  No migrations were applied. The database is already up to date.
2024-03-08 14:00:44.433 +05:00  INF  Executed DbCommand (11ms) [Parameters=[], CommandType='"Text"', CommandTimeout='30']
REVOKE CONNECT ON DATABASE "RoomService" FROM PUBLIC;
SELECT pg_terminate_backend(pg_stat_activity.pid) FROM pg_stat_activity WHERE datname = 'RoomService';
2024-03-08 14:00:44.615 +05:00  INF  Executed DbCommand (182ms) [Parameters=[], CommandType='"Text"', CommandTimeout='30']
DROP DATABASE "RoomService";
2024-03-08 14:00:45.200 +05:00  INF  Executed DbCommand (424ms) [Parameters=[], CommandType='"Text"', CommandTimeout='30']
CREATE DATABASE "RoomService";
2024-03-08 14:00:45.351 +05:00  INF  Executed DbCommand (17ms) [Parameters=[], CommandType='"Text"', CommandTimeout='30']
CREATE TABLE "Location" (
    "Id" uuid NOT NULL,
    "Country" text NOT NULL,
    "City" text NOT NULL,
    "Street" text NOT NULL,
    "HouseNumber" text NULL,
    CONSTRAINT "PK_Location" PRIMARY KEY ("Id")
);
2024-03-08 14:00:45.357 +05:00  INF  Executed DbCommand (6ms) [Parameters=[], CommandType='"Text"', CommandTimeout='30']
CREATE TABLE "RoomsTypes" (
    "Id" uuid NOT NULL,
    "Title" text NOT NULL,
    "Description" text NULL,
    "ImagePath" text NULL,
    "MaxCapacity" integer NOT NULL,
    "NightlyRate" numeric NOT NULL,
    CONSTRAINT "PK_RoomsTypes" PRIMARY KEY ("Id")
);
2024-03-08 14:00:45.365 +05:00  INF  Executed DbCommand (8ms) [Parameters=[], CommandType='"Text"', CommandTimeout='30']
CREATE TABLE "HotelBranches" (
    "Id" uuid NOT NULL,
    "Name" text NOT NULL,
    "LocationId" uuid NOT NULL,
    CONSTRAINT "PK_HotelBranches" PRIMARY KEY ("Id"),
    CONSTRAINT "FK_HotelBranches_Location_LocationId" FOREIGN KEY ("LocationId") REFERENCES "Location" ("Id") ON DELETE CASCADE
);
2024-03-08 14:00:45.370 +05:00  INF  Executed DbCommand (4ms) [Parameters=[], CommandType='"Text"', CommandTimeout='30']
CREATE TABLE "Amenities" (
    "Id" uuid NOT NULL,
    "Title" text NOT NULL,
    "Description" text NULL,
    "RoomTypeId" uuid NULL,
    CONSTRAINT "PK_Amenities" PRIMARY KEY ("Id"),
    CONSTRAINT "FK_Amenities_RoomsTypes_RoomTypeId" FOREIGN KEY ("RoomTypeId") REFERENCES "RoomsTypes" ("Id")
);
2024-03-08 14:00:45.373 +05:00  INF  Executed DbCommand (3ms) [Parameters=[], CommandType='"Text"', CommandTimeout='30']
CREATE TABLE "Reservations" (
    "Id" uuid NOT NULL,
    "DateIn" timestamp with time zone NOT NULL,
    "DateOut" timestamp with time zone NOT NULL,
    "MadeBy" integer NOT NULL,
    "Status" integer NOT NULL,
    "HotelBranchId" uuid NOT NULL,
    "ReservationCreatorId" uuid NOT NULL,
    CONSTRAINT "PK_Reservations" PRIMARY KEY ("Id"),
    CONSTRAINT "FK_Reservations_HotelBranches_HotelBranchId" FOREIGN KEY ("HotelBranchId") REFERENCES "HotelBranches" ("Id") ON DELETE CASCADE
);
2024-03-08 14:00:45.380 +05:00  INF  Executed DbCommand (6ms) [Parameters=[], CommandType='"Text"', CommandTimeout='30']
CREATE TABLE "Rooms" (
    "Id" uuid NOT NULL,
    "Number" text NOT NULL,
    "TypeId" uuid NOT NULL,
    "HotelBranchId" uuid NOT NULL,
    CONSTRAINT "PK_Rooms" PRIMARY KEY ("Id"),
    CONSTRAINT "FK_Rooms_HotelBranches_HotelBranchId" FOREIGN KEY ("HotelBranchId") REFERENCES "HotelBranches" ("Id") ON DELETE CASCADE,
    CONSTRAINT "FK_Rooms_RoomsTypes_TypeId" FOREIGN KEY ("TypeId") REFERENCES "RoomsTypes" ("Id") ON DELETE CASCADE
);
2024-03-08 14:00:45.383 +05:00  INF  Executed DbCommand (3ms) [Parameters=[], CommandType='"Text"', CommandTimeout='30']
CREATE TABLE "OccupiedRooms" (
    "Id" uuid NOT NULL,
    "CheckIn" timestamp with time zone NULL,
    "CheckOut" timestamp with time zone NULL,
    "Status" integer NOT NULL,
    "RoomId" uuid NULL,
    "ReservationId" uuid NOT NULL,
    CONSTRAINT "PK_OccupiedRooms" PRIMARY KEY ("Id"),
    CONSTRAINT "FK_OccupiedRooms_Reservations_ReservationId" FOREIGN KEY ("ReservationId") REFERENCES "Reservations" ("Id") ON DELETE CASCADE,
    CONSTRAINT "FK_OccupiedRooms_Rooms_RoomId" FOREIGN KEY ("RoomId") REFERENCES "Rooms" ("Id")
);
2024-03-08 14:00:45.385 +05:00  INF  Executed DbCommand (2ms) [Parameters=[], CommandType='"Text"', CommandTimeout='30']
CREATE INDEX "IX_Amenities_RoomTypeId" ON "Amenities" ("RoomTypeId");
2024-03-08 14:00:45.387 +05:00  INF  Executed DbCommand (2ms) [Parameters=[], CommandType='"Text"', CommandTimeout='30']
CREATE INDEX "IX_HotelBranches_LocationId" ON "HotelBranches" ("LocationId");
2024-03-08 14:00:45.390 +05:00  INF  Executed DbCommand (2ms) [Parameters=[], CommandType='"Text"', CommandTimeout='30']
CREATE INDEX "IX_OccupiedRooms_ReservationId" ON "OccupiedRooms" ("ReservationId");
2024-03-08 14:00:45.393 +05:00  INF  Executed DbCommand (3ms) [Parameters=[], CommandType='"Text"', CommandTimeout='30']
CREATE INDEX "IX_OccupiedRooms_RoomId" ON "OccupiedRooms" ("RoomId");
2024-03-08 14:00:45.396 +05:00  INF  Executed DbCommand (2ms) [Parameters=[], CommandType='"Text"', CommandTimeout='30']
CREATE INDEX "IX_Reservations_HotelBranchId" ON "Reservations" ("HotelBranchId");
2024-03-08 14:00:45.398 +05:00  INF  Executed DbCommand (2ms) [Parameters=[], CommandType='"Text"', CommandTimeout='30']
CREATE INDEX "IX_Rooms_HotelBranchId" ON "Rooms" ("HotelBranchId");
2024-03-08 14:00:45.400 +05:00  INF  Executed DbCommand (2ms) [Parameters=[], CommandType='"Text"', CommandTimeout='30']
CREATE INDEX "IX_Rooms_TypeId" ON "Rooms" ("TypeId");
2024-03-08 14:00:45.519 +05:00  INF  Application started. Press Ctrl+C to shut down.
2024-03-08 14:00:45.519 +05:00  INF  Hosting environment: Development
2024-03-08 14:00:45.520 +05:00  INF  Content root path: C:\Users\Администратор\RiderProjects\Hotel\RoomService
2024-03-08 14:00:45.586 +05:00  INF  Request starting HTTP/2 GET https://localhost:44318/swagger - -
2024-03-08 14:00:45.717 +05:00  INF  Request finished HTTP/2 GET https://localhost:44318/swagger - - - 301 - - 133.8550ms
2024-03-08 14:00:45.720 +05:00  INF  Request starting HTTP/2 GET https://localhost:44318/swagger/index.html - -
2024-03-08 14:00:45.910 +05:00  INF  Request finished HTTP/2 GET https://localhost:44318/swagger/index.html - - - 200 - text/html;charset=utf-8 189.4657ms
2024-03-08 14:00:45.967 +05:00  INF  Request starting HTTP/2 GET https://localhost:44318/swagger/swagger-ui.css - -
2024-03-08 14:00:45.967 +05:00  INF  Request starting HTTP/2 GET https://localhost:44318/swagger/swagger-ui-bundle.js - -
2024-03-08 14:00:45.968 +05:00  INF  Request starting HTTP/2 GET https://localhost:44318/swagger/swagger-ui-standalone-preset.js - -
2024-03-08 14:00:45.994 +05:00  INF  Sending file. Request path: '/swagger-ui.css'. Physical path: 'N/A'
2024-03-08 14:00:45.994 +05:00  INF  Sending file. Request path: '/swagger-ui-standalone-preset.js'. Physical path: 'N/A'
2024-03-08 14:00:45.999 +05:00  INF  Request finished HTTP/2 GET https://localhost:44318/swagger/swagger-ui.css - - - 200 143943 text/css 32.4913ms
2024-03-08 14:00:46.001 +05:00  INF  Request finished HTTP/2 GET https://localhost:44318/swagger/swagger-ui-standalone-preset.js - - - 200 339486 text/javascript 32.2418ms
2024-03-08 14:00:46.009 +05:00  INF  Sending file. Request path: '/swagger-ui-bundle.js'. Physical path: 'N/A'
2024-03-08 14:00:46.033 +05:00  INF  Request finished HTTP/2 GET https://localhost:44318/swagger/swagger-ui-bundle.js - - - 200 1096145 text/javascript 65.6367ms
2024-03-08 14:00:46.232 +05:00  INF  Request starting HTTP/2 GET https://localhost:44318/swagger/favicon-32x32.png - -
2024-03-08 14:00:46.235 +05:00  INF  Sending file. Request path: '/favicon-32x32.png'. Physical path: 'N/A'
2024-03-08 14:00:46.235 +05:00  INF  Request finished HTTP/2 GET https://localhost:44318/swagger/favicon-32x32.png - - - 200 628 image/png 3.0732ms
2024-03-08 14:00:46.292 +05:00  INF  Request starting HTTP/2 GET https://localhost:44318/swagger/v1/swagger.json - -
2024-03-08 14:00:46.479 +05:00  INF  Request finished HTTP/2 GET https://localhost:44318/swagger/v1/swagger.json - - - 200 - application/json;charset=utf-8 187.3944ms
2024-03-08 14:01:27.400 +05:00  INF  Request starting HTTP/2 GET https://localhost:44318/api/v1/amenities - -
2024-03-08 14:01:27.435 +05:00  INF  Executing endpoint 'RoomService.Controllers.AmenityController.GetAll (RoomService)'
2024-03-08 14:01:27.520 +05:00  INF  Route matched with {action = "GetAll", controller = "Amenity"}. Executing controller action with signature System.Threading.Tasks.Task`1[Microsoft.AspNetCore.Mvc.ActionResult`1[System.Collections.Generic.IEnumerable`1[RoomService.DTO.ResponseAmenityDto]]] GetAll(System.Threading.CancellationToken) on controller RoomService.Controllers.AmenityController (RoomService).
2024-03-08 14:01:27.560 +05:00  INF  Executing action method RoomService.Controllers.AmenityController.GetAll (RoomService) - Validation state: "Valid"
2024-03-08 14:01:28.281 +05:00  INF  Executed DbCommand (30ms) [Parameters=[], CommandType='"Text"', CommandTimeout='30']
SELECT a."Id", a."Title" AS "Name", a."Description"
FROM "Amenities" AS a
2024-03-08 14:01:28.314 +05:00  INF  Retrieved 0 amenities
2024-03-08 14:01:28.338 +05:00  INF  Executed action method RoomService.Controllers.AmenityController.GetAll (RoomService), returned result Microsoft.AspNetCore.Mvc.OkObjectResult in 767.7793ms.
2024-03-08 14:01:28.352 +05:00  INF  Executing OkObjectResult, writing value of type 'FluentResults.Result`1[[System.Collections.Generic.IEnumerable`1[[RoomService.DTO.ResponseAmenityDto, RoomService, Version=1.0.0.0, Culture=neutral, PublicKeyToken=null]], System.Private.CoreLib, Version=7.0.0.0, Culture=neutral, PublicKeyToken=7cec85d7bea7798e]]'.
2024-03-08 14:01:28.412 +05:00  INF  Executed action RoomService.Controllers.AmenityController.GetAll (RoomService) in 879.0767ms
2024-03-08 14:01:28.414 +05:00  INF  Executed endpoint 'RoomService.Controllers.AmenityController.GetAll (RoomService)'
2024-03-08 14:01:28.439 +05:00  INF  Request finished HTTP/2 GET https://localhost:44318/api/v1/amenities - - - 200 - application/json;+charset=utf-8 1038.5548ms
2024-03-08 14:01:50.509 +05:00  INF  Request starting HTTP/2 GET https://localhost:44318/api/v1/hotel-branch - -
2024-03-08 14:01:50.513 +05:00  INF  Executing endpoint 'RoomService.Controllers.HotelBranchController.GetAllAsync (RoomService)'
2024-03-08 14:01:50.535 +05:00  INF  Route matched with {action = "GetAll", controller = "HotelBranch"}. Executing controller action with signature System.Threading.Tasks.Task`1[Microsoft.AspNetCore.Mvc.ActionResult`1[System.Collections.Generic.IEnumerable`1[RoomService.DTO.ResponseHotelBranchDto]]] GetAllAsync(System.Threading.CancellationToken) on controller RoomService.Controllers.HotelBranchController (RoomService).
2024-03-08 14:01:50.544 +05:00  INF  Executing action method RoomService.Controllers.HotelBranchController.GetAllAsync (RoomService) - Validation state: "Valid"
2024-03-08 14:01:50.730 +05:00  INF  Executed DbCommand (4ms) [Parameters=[], CommandType='"Text"', CommandTimeout='30']
SELECT h."Id", h."LocationId", h."Name"
FROM "HotelBranches" AS h
2024-03-08 14:01:50.732 +05:00  INF  Retrieved 0 HotelBranches
2024-03-08 14:01:50.733 +05:00  INF  Executed action method RoomService.Controllers.HotelBranchController.GetAllAsync (RoomService), returned result Microsoft.AspNetCore.Mvc.OkObjectResult in 188.1176ms.
2024-03-08 14:01:50.740 +05:00  INF  Executing OkObjectResult, writing value of type 'FluentResults.Result`1[[System.Collections.Generic.IEnumerable`1[[RoomService.DTO.ResponseHotelBranchDto, RoomService, Version=1.0.0.0, Culture=neutral, PublicKeyToken=null]], System.Private.CoreLib, Version=7.0.0.0, Culture=neutral, PublicKeyToken=7cec85d7bea7798e]]'.
2024-03-08 14:01:50.745 +05:00  INF  Executed action RoomService.Controllers.HotelBranchController.GetAllAsync (RoomService) in 209.8298ms
2024-03-08 14:01:50.745 +05:00  INF  Executed endpoint 'RoomService.Controllers.HotelBranchController.GetAllAsync (RoomService)'
2024-03-08 14:01:50.746 +05:00  INF  Request finished HTTP/2 GET https://localhost:44318/api/v1/hotel-branch - - - 200 - application/json;+charset=utf-8 236.5564ms
2024-03-08 14:49:27.998 +05:00  INF  Application is shutting down...
2024-03-08 14:50:31.701 +05:00  INF  Executed DbCommand (46ms) [Parameters=[], CommandType='"Text"', CommandTimeout='30']
SELECT EXISTS (
    SELECT 1 FROM pg_catalog.pg_class c
    JOIN pg_catalog.pg_namespace n ON n.oid=c.relnamespace
    WHERE n.nspname='public' AND
          c.relname='__EFMigrationsHistory'
)
2024-03-08 14:50:32.187 +05:00  INF  Executed DbCommand (55ms) [Parameters=[], CommandType='"Text"', CommandTimeout='30']
CREATE TABLE "__EFMigrationsHistory" (
    "MigrationId" character varying(150) NOT NULL,
    "ProductVersion" character varying(32) NOT NULL,
    CONSTRAINT "PK___EFMigrationsHistory" PRIMARY KEY ("MigrationId")
);
2024-03-08 14:50:32.489 +05:00  INF  Executed DbCommand (4ms) [Parameters=[], CommandType='"Text"', CommandTimeout='30']
SELECT EXISTS (
    SELECT 1 FROM pg_catalog.pg_class c
    JOIN pg_catalog.pg_namespace n ON n.oid=c.relnamespace
    WHERE n.nspname='public' AND
          c.relname='__EFMigrationsHistory'
)
2024-03-08 14:50:32.513 +05:00  INF  Executed DbCommand (7ms) [Parameters=[], CommandType='"Text"', CommandTimeout='30']
SELECT "MigrationId", "ProductVersion"
FROM "__EFMigrationsHistory"
ORDER BY "MigrationId";
2024-03-08 14:50:32.994 +05:00  INF  No migrations were applied. The database is already up to date.
2024-03-08 14:50:33.331 +05:00  INF  Executed DbCommand (22ms) [Parameters=[], CommandType='"Text"', CommandTimeout='30']
REVOKE CONNECT ON DATABASE "RoomService" FROM PUBLIC;
SELECT pg_terminate_backend(pg_stat_activity.pid) FROM pg_stat_activity WHERE datname = 'RoomService';
2024-03-08 14:50:33.778 +05:00  INF  Executed DbCommand (446ms) [Parameters=[], CommandType='"Text"', CommandTimeout='30']
DROP DATABASE "RoomService";
2024-03-08 14:50:35.352 +05:00  INF  Executed DbCommand (1,179ms) [Parameters=[], CommandType='"Text"', CommandTimeout='30']
CREATE DATABASE "RoomService";
2024-03-08 14:50:35.711 +05:00  INF  Executed DbCommand (28ms) [Parameters=[], CommandType='"Text"', CommandTimeout='30']
CREATE TABLE "Location" (
    "Id" uuid NOT NULL,
    "Country" text NOT NULL,
    "City" text NOT NULL,
    "Street" text NOT NULL,
    "HouseNumber" text NULL,
    CONSTRAINT "PK_Location" PRIMARY KEY ("Id")
);
2024-03-08 14:50:35.723 +05:00  INF  Executed DbCommand (11ms) [Parameters=[], CommandType='"Text"', CommandTimeout='30']
CREATE TABLE "RoomsTypes" (
    "Id" uuid NOT NULL,
    "Title" text NOT NULL,
    "Description" text NULL,
    "ImagePath" text NULL,
    "MaxCapacity" integer NOT NULL,
    "NightlyRate" numeric NOT NULL,
    CONSTRAINT "PK_RoomsTypes" PRIMARY KEY ("Id")
);
2024-03-08 14:50:35.741 +05:00  INF  Executed DbCommand (18ms) [Parameters=[], CommandType='"Text"', CommandTimeout='30']
CREATE TABLE "HotelBranches" (
    "Id" uuid NOT NULL,
    "Name" text NOT NULL,
    "LocationId" uuid NOT NULL,
    CONSTRAINT "PK_HotelBranches" PRIMARY KEY ("Id"),
    CONSTRAINT "FK_HotelBranches_Location_LocationId" FOREIGN KEY ("LocationId") REFERENCES "Location" ("Id") ON DELETE CASCADE
);
2024-03-08 14:50:35.753 +05:00  INF  Executed DbCommand (11ms) [Parameters=[], CommandType='"Text"', CommandTimeout='30']
CREATE TABLE "Amenities" (
    "Id" uuid NOT NULL,
    "Title" text NOT NULL,
    "Description" text NULL,
    "RoomTypeId" uuid NULL,
    CONSTRAINT "PK_Amenities" PRIMARY KEY ("Id"),
    CONSTRAINT "FK_Amenities_RoomsTypes_RoomTypeId" FOREIGN KEY ("RoomTypeId") REFERENCES "RoomsTypes" ("Id")
);
2024-03-08 14:50:35.761 +05:00  INF  Executed DbCommand (7ms) [Parameters=[], CommandType='"Text"', CommandTimeout='30']
CREATE TABLE "Reservations" (
    "Id" uuid NOT NULL,
    "DateIn" timestamp with time zone NOT NULL,
    "DateOut" timestamp with time zone NOT NULL,
    "MadeBy" integer NOT NULL,
    "Status" integer NOT NULL,
    "HotelBranchId" uuid NOT NULL,
    "ReservationCreatorId" uuid NOT NULL,
    CONSTRAINT "PK_Reservations" PRIMARY KEY ("Id"),
    CONSTRAINT "FK_Reservations_HotelBranches_HotelBranchId" FOREIGN KEY ("HotelBranchId") REFERENCES "HotelBranches" ("Id") ON DELETE CASCADE
);
2024-03-08 14:50:35.772 +05:00  INF  Executed DbCommand (10ms) [Parameters=[], CommandType='"Text"', CommandTimeout='30']
CREATE TABLE "Rooms" (
    "Id" uuid NOT NULL,
    "Number" text NOT NULL,
    "TypeId" uuid NOT NULL,
    "HotelBranchId" uuid NOT NULL,
    CONSTRAINT "PK_Rooms" PRIMARY KEY ("Id"),
    CONSTRAINT "FK_Rooms_HotelBranches_HotelBranchId" FOREIGN KEY ("HotelBranchId") REFERENCES "HotelBranches" ("Id") ON DELETE CASCADE,
    CONSTRAINT "FK_Rooms_RoomsTypes_TypeId" FOREIGN KEY ("TypeId") REFERENCES "RoomsTypes" ("Id") ON DELETE CASCADE
);
2024-03-08 14:50:35.776 +05:00  INF  Executed DbCommand (4ms) [Parameters=[], CommandType='"Text"', CommandTimeout='30']
CREATE TABLE "OccupiedRooms" (
    "Id" uuid NOT NULL,
    "CheckIn" timestamp with time zone NULL,
    "CheckOut" timestamp with time zone NULL,
    "Status" integer NOT NULL,
    "RoomId" uuid NULL,
    "ReservationId" uuid NOT NULL,
    CONSTRAINT "PK_OccupiedRooms" PRIMARY KEY ("Id"),
    CONSTRAINT "FK_OccupiedRooms_Reservations_ReservationId" FOREIGN KEY ("ReservationId") REFERENCES "Reservations" ("Id") ON DELETE CASCADE,
    CONSTRAINT "FK_OccupiedRooms_Rooms_RoomId" FOREIGN KEY ("RoomId") REFERENCES "Rooms" ("Id")
);
2024-03-08 14:50:35.781 +05:00  INF  Executed DbCommand (4ms) [Parameters=[], CommandType='"Text"', CommandTimeout='30']
CREATE INDEX "IX_Amenities_RoomTypeId" ON "Amenities" ("RoomTypeId");
2024-03-08 14:50:35.785 +05:00  INF  Executed DbCommand (3ms) [Parameters=[], CommandType='"Text"', CommandTimeout='30']
CREATE INDEX "IX_HotelBranches_LocationId" ON "HotelBranches" ("LocationId");
2024-03-08 14:50:35.788 +05:00  INF  Executed DbCommand (3ms) [Parameters=[], CommandType='"Text"', CommandTimeout='30']
CREATE INDEX "IX_OccupiedRooms_ReservationId" ON "OccupiedRooms" ("ReservationId");
2024-03-08 14:50:35.792 +05:00  INF  Executed DbCommand (3ms) [Parameters=[], CommandType='"Text"', CommandTimeout='30']
CREATE INDEX "IX_OccupiedRooms_RoomId" ON "OccupiedRooms" ("RoomId");
2024-03-08 14:50:35.804 +05:00  INF  Executed DbCommand (12ms) [Parameters=[], CommandType='"Text"', CommandTimeout='30']
CREATE INDEX "IX_Reservations_HotelBranchId" ON "Reservations" ("HotelBranchId");
2024-03-08 14:50:35.815 +05:00  INF  Executed DbCommand (10ms) [Parameters=[], CommandType='"Text"', CommandTimeout='30']
CREATE INDEX "IX_Rooms_HotelBranchId" ON "Rooms" ("HotelBranchId");
2024-03-08 14:50:35.819 +05:00  INF  Executed DbCommand (4ms) [Parameters=[], CommandType='"Text"', CommandTimeout='30']
CREATE INDEX "IX_Rooms_TypeId" ON "Rooms" ("TypeId");
2024-03-08 14:50:36.485 +05:00  INF  Application started. Press Ctrl+C to shut down.
2024-03-08 14:50:36.486 +05:00  INF  Hosting environment: Development
2024-03-08 14:50:36.486 +05:00  INF  Content root path: C:\Users\Администратор\RiderProjects\Hotel\RoomService
2024-03-08 14:50:36.616 +05:00  INF  Request starting HTTP/2 GET https://localhost:44318/swagger - -
2024-03-08 14:50:36.775 +05:00  INF  Request finished HTTP/2 GET https://localhost:44318/swagger - - - 301 - - 166.5309ms
2024-03-08 14:50:36.807 +05:00  INF  Request starting HTTP/2 GET https://localhost:44318/swagger/index.html - -
2024-03-08 14:50:37.134 +05:00  INF  Request finished HTTP/2 GET https://localhost:44318/swagger/index.html - - - 200 - text/html;charset=utf-8 326.5881ms
2024-03-08 14:50:37.193 +05:00  INF  Request starting HTTP/2 GET https://localhost:44318/swagger/swagger-ui-bundle.js - -
2024-03-08 14:50:37.193 +05:00  INF  Request starting HTTP/2 GET https://localhost:44318/swagger/swagger-ui.css - -
2024-03-08 14:50:37.195 +05:00  INF  Request starting HTTP/2 GET https://localhost:44318/swagger/swagger-ui-standalone-preset.js - -
2024-03-08 14:50:37.231 +05:00  INF  Sending file. Request path: '/swagger-ui.css'. Physical path: 'N/A'
2024-03-08 14:50:37.231 +05:00  INF  Sending file. Request path: '/swagger-ui-standalone-preset.js'. Physical path: 'N/A'
2024-03-08 14:50:37.237 +05:00  INF  Request finished HTTP/2 GET https://localhost:44318/swagger/swagger-ui.css - - - 200 143943 text/css 43.8427ms
2024-03-08 14:50:37.239 +05:00  INF  Request finished HTTP/2 GET https://localhost:44318/swagger/swagger-ui-standalone-preset.js - - - 200 339486 text/javascript 44.8051ms
2024-03-08 14:50:37.243 +05:00  INF  Sending file. Request path: '/swagger-ui-bundle.js'. Physical path: 'N/A'
2024-03-08 14:50:37.271 +05:00  INF  Request finished HTTP/2 GET https://localhost:44318/swagger/swagger-ui-bundle.js - - - 200 1096145 text/javascript 78.5093ms
2024-03-08 14:50:37.454 +05:00  INF  Request starting HTTP/2 GET https://localhost:44318/swagger/favicon-32x32.png - -
2024-03-08 14:50:37.454 +05:00  INF  Sending file. Request path: '/favicon-32x32.png'. Physical path: 'N/A'
2024-03-08 14:50:37.455 +05:00  INF  Request finished HTTP/2 GET https://localhost:44318/swagger/favicon-32x32.png - - - 200 628 image/png 0.9723ms
2024-03-08 14:50:37.493 +05:00  INF  Request starting HTTP/2 GET https://localhost:44318/swagger/v1/swagger.json - -
2024-03-08 14:50:37.717 +05:00  INF  Request finished HTTP/2 GET https://localhost:44318/swagger/v1/swagger.json - - - 200 - application/json;charset=utf-8 224.4379ms
2024-03-08 14:50:46.522 +05:00  INF  Request starting HTTP/2 GET https://localhost:44318/api/v1/amenities - -
2024-03-08 14:50:46.549 +05:00  INF  Executing endpoint 'RoomService.Controllers.AmenityController.GetAll (RoomService)'
2024-03-08 14:50:46.637 +05:00  INF  Route matched with {action = "GetAll", controller = "Amenity"}. Executing controller action with signature System.Threading.Tasks.Task`1[Microsoft.AspNetCore.Mvc.ActionResult`1[System.Collections.Generic.IEnumerable`1[RoomService.DTO.ResponseAmenityDto]]] GetAll(System.Threading.CancellationToken) on controller RoomService.Controllers.AmenityController (RoomService).
2024-03-08 14:50:46.664 +05:00  INF  Executing action method RoomService.Controllers.AmenityController.GetAll (RoomService) - Validation state: "Valid"
2024-03-08 14:50:47.142 +05:00  INF  Executed DbCommand (16ms) [Parameters=[], CommandType='"Text"', CommandTimeout='30']
SELECT a."Id", a."Title" AS "Name", a."Description"
FROM "Amenities" AS a
2024-03-08 14:50:47.160 +05:00  INF  Retrieved 0 amenities
2024-03-08 14:50:47.171 +05:00  INF  Executed action method RoomService.Controllers.AmenityController.GetAll (RoomService), returned result Microsoft.AspNetCore.Mvc.OkObjectResult in 502.3452ms.
2024-03-08 14:50:47.183 +05:00  INF  Executing OkObjectResult, writing value of type 'FluentResults.Result`1[[System.Collections.Generic.IEnumerable`1[[RoomService.DTO.ResponseAmenityDto, RoomService, Version=1.0.0.0, Culture=neutral, PublicKeyToken=null]], System.Private.CoreLib, Version=7.0.0.0, Culture=neutral, PublicKeyToken=7cec85d7bea7798e]]'.
2024-03-08 14:50:47.217 +05:00  INF  Executed action RoomService.Controllers.AmenityController.GetAll (RoomService) in 573.827ms
2024-03-08 14:50:47.219 +05:00  INF  Executed endpoint 'RoomService.Controllers.AmenityController.GetAll (RoomService)'
2024-03-08 14:50:47.246 +05:00  INF  Request finished HTTP/2 GET https://localhost:44318/api/v1/amenities - - - 200 - application/json;+charset=utf-8 724.3180ms
2024-03-08 14:50:55.029 +05:00  INF  Request starting HTTP/2 GET https://localhost:44318/api/v1/hotel-branch - -
2024-03-08 14:50:55.031 +05:00  INF  Executing endpoint 'RoomService.Controllers.HotelBranchController.GetAllAsync (RoomService)'
2024-03-08 14:50:55.038 +05:00  INF  Route matched with {action = "GetAll", controller = "HotelBranch"}. Executing controller action with signature System.Threading.Tasks.Task`1[Microsoft.AspNetCore.Mvc.ActionResult`1[System.Collections.Generic.IEnumerable`1[RoomService.DTO.ResponseHotelBranchDto]]] GetAllAsync(System.Threading.CancellationToken) on controller RoomService.Controllers.HotelBranchController (RoomService).
2024-03-08 14:50:55.044 +05:00  INF  Executing action method RoomService.Controllers.HotelBranchController.GetAllAsync (RoomService) - Validation state: "Valid"
2024-03-08 14:50:55.139 +05:00  INF  Executed DbCommand (3ms) [Parameters=[], CommandType='"Text"', CommandTimeout='30']
SELECT h."Id", h."LocationId", h."Name"
FROM "HotelBranches" AS h
2024-03-08 14:50:55.144 +05:00  INF  Retrieved 0 HotelBranches
2024-03-08 14:50:55.145 +05:00  INF  Executed action method RoomService.Controllers.HotelBranchController.GetAllAsync (RoomService), returned result Microsoft.AspNetCore.Mvc.OkObjectResult in 100.8649ms.
2024-03-08 14:50:55.148 +05:00  INF  Executing OkObjectResult, writing value of type 'FluentResults.Result`1[[System.Collections.Generic.IEnumerable`1[[RoomService.DTO.ResponseHotelBranchDto, RoomService, Version=1.0.0.0, Culture=neutral, PublicKeyToken=null]], System.Private.CoreLib, Version=7.0.0.0, Culture=neutral, PublicKeyToken=7cec85d7bea7798e]]'.
2024-03-08 14:50:55.152 +05:00  INF  Executed action RoomService.Controllers.HotelBranchController.GetAllAsync (RoomService) in 113.5769ms
2024-03-08 14:50:55.152 +05:00  INF  Executed endpoint 'RoomService.Controllers.HotelBranchController.GetAllAsync (RoomService)'
2024-03-08 14:50:55.152 +05:00  INF  Request finished HTTP/2 GET https://localhost:44318/api/v1/hotel-branch - - - 200 - application/json;+charset=utf-8 123.5627ms
2024-03-08 14:51:15.995 +05:00  INF  Application is shutting down...
